  Gl_template.c
c:\tymczasowe\szescian\projektgrafika\gl_template.c(265): warning C4018: '<': signed/unsigned mismatch
c:\tymczasowe\szescian\projektgrafika\gl_template.c(364): warning C4244: 'function': conversion from 'double' to 'GLfloat', possible loss of data
c:\tymczasowe\szescian\projektgrafika\gl_template.c(375): warning C4244: 'function': conversion from 'double' to 'GLfloat', possible loss of data
c:\tymczasowe\szescian\projektgrafika\gl_template.c(388): warning C4244: 'function': conversion from 'double' to 'GLfloat', possible loss of data
c:\tymczasowe\szescian\projektgrafika\gl_template.c(399): warning C4244: 'function': conversion from 'double' to 'GLfloat', possible loss of data
c:\tymczasowe\szescian\projektgrafika\gl_template.c(401): warning C4244: 'function': conversion from 'double' to 'GLfloat', possible loss of data
c:\tymczasowe\szescian\projektgrafika\gl_template.c(411): warning C4244: 'function': conversion from 'double' to 'GLfloat', possible loss of data
c:\tymczasowe\szescian\projektgrafika\gl_template.c(413): warning C4244: 'function': conversion from 'double' to 'GLfloat', possible loss of data
c:\tymczasowe\szescian\projektgrafika\gl_template.c(426): warning C4244: 'function': conversion from 'double' to 'GLfloat', possible loss of data
c:\tymczasowe\szescian\projektgrafika\gl_template.c(437): warning C4244: 'function': conversion from 'double' to 'GLfloat', possible loss of data
c:\tymczasowe\szescian\projektgrafika\gl_template.c(449): warning C4244: 'function': conversion from 'double' to 'GLfloat', possible loss of data
c:\tymczasowe\szescian\projektgrafika\gl_template.c(460): warning C4244: 'function': conversion from 'double' to 'GLfloat', possible loss of data
c:\tymczasowe\szescian\projektgrafika\gl_template.c(462): warning C4244: 'function': conversion from 'double' to 'GLfloat', possible loss of data
c:\tymczasowe\szescian\projektgrafika\gl_template.c(472): warning C4244: 'function': conversion from 'double' to 'GLfloat', possible loss of data
c:\tymczasowe\szescian\projektgrafika\gl_template.c(474): warning C4244: 'function': conversion from 'double' to 'GLfloat', possible loss of data
c:\tymczasowe\szescian\projektgrafika\gl_template.c(524): warning C4244: 'function': conversion from 'int' to 'GLfloat', possible loss of data
c:\tymczasowe\szescian\projektgrafika\gl_template.c(525): warning C4244: 'function': conversion from 'int' to 'GLfloat', possible loss of data
c:\tymczasowe\szescian\projektgrafika\gl_template.c(527): warning C4244: 'function': conversion from 'int' to 'GLfloat', possible loss of data
c:\tymczasowe\szescian\projektgrafika\gl_template.c(528): warning C4244: 'function': conversion from 'int' to 'GLfloat', possible loss of data
c:\tymczasowe\szescian\projektgrafika\gl_template.c(532): warning C4244: 'function': conversion from 'int' to 'GLfloat', possible loss of data
c:\tymczasowe\szescian\projektgrafika\gl_template.c(533): warning C4244: 'function': conversion from 'int' to 'GLfloat', possible loss of data
c:\tymczasowe\szescian\projektgrafika\gl_template.c(535): warning C4244: 'function': conversion from 'int' to 'GLfloat', possible loss of data
c:\tymczasowe\szescian\projektgrafika\gl_template.c(536): warning C4244: 'function': conversion from 'int' to 'GLfloat', possible loss of data
c:\tymczasowe\szescian\projektgrafika\gl_template.c(540): warning C4244: 'function': conversion from 'int' to 'GLfloat', possible loss of data
c:\tymczasowe\szescian\projektgrafika\gl_template.c(541): warning C4244: 'function': conversion from 'int' to 'GLfloat', possible loss of data
c:\tymczasowe\szescian\projektgrafika\gl_template.c(543): warning C4244: 'function': conversion from 'int' to 'GLfloat', possible loss of data
c:\tymczasowe\szescian\projektgrafika\gl_template.c(544): warning C4244: 'function': conversion from 'int' to 'GLfloat', possible loss of data
c:\tymczasowe\szescian\projektgrafika\gl_template.c(556): warning C4244: 'function': conversion from 'double' to 'GLfloat', possible loss of data
c:\tymczasowe\szescian\projektgrafika\gl_template.c(558): warning C4244: 'function': conversion from 'double' to 'GLfloat', possible loss of data
c:\tymczasowe\szescian\projektgrafika\gl_template.c(569): warning C4244: 'function': conversion from 'double' to 'GLfloat', possible loss of data
c:\tymczasowe\szescian\projektgrafika\gl_template.c(571): warning C4244: 'function': conversion from 'double' to 'GLfloat', possible loss of data
c:\tymczasowe\szescian\projektgrafika\gl_template.c(581): warning C4244: 'function': conversion from 'double' to 'GLfloat', possible loss of data
c:\tymczasowe\szescian\projektgrafika\gl_template.c(583): warning C4244: 'function': conversion from 'double' to 'GLfloat', possible loss of data
c:\tymczasowe\szescian\projektgrafika\gl_template.c(508): warning C4244: 'initializing': conversion from 'double' to 'GLfloat', possible loss of data
c:\tymczasowe\szescian\projektgrafika\gl_template.c(509): warning C4244: 'initializing': conversion from 'double' to 'GLfloat', possible loss of data
c:\tymczasowe\szescian\projektgrafika\gl_template.c(510): warning C4244: 'initializing': conversion from 'double' to 'GLfloat', possible loss of data
c:\tymczasowe\szescian\projektgrafika\gl_template.c(511): warning C4244: 'initializing': conversion from 'double' to 'GLfloat', possible loss of data
c:\tymczasowe\szescian\projektgrafika\gl_template.c(629): warning C4244: 'function': conversion from 'double' to 'GLfloat', possible loss of data
c:\tymczasowe\szescian\projektgrafika\gl_template.c(631): warning C4244: 'function': conversion from 'double' to 'GLfloat', possible loss of data
c:\tymczasowe\szescian\projektgrafika\gl_template.c(640): warning C4244: 'function': conversion from 'double' to 'GLfloat', possible loss of data
c:\tymczasowe\szescian\projektgrafika\gl_template.c(642): warning C4244: 'function': conversion from 'double' to 'GLfloat', possible loss of data
c:\tymczasowe\szescian\projektgrafika\gl_template.c(652): warning C4244: 'function': conversion from 'double' to 'GLfloat', possible loss of data
c:\tymczasowe\szescian\projektgrafika\gl_template.c(654): warning C4244: 'function': conversion from 'double' to 'GLfloat', possible loss of data
c:\tymczasowe\szescian\projektgrafika\gl_template.c(666): warning C4244: 'function': conversion from 'double' to 'GLfloat', possible loss of data
c:\tymczasowe\szescian\projektgrafika\gl_template.c(668): warning C4244: 'function': conversion from 'double' to 'GLfloat', possible loss of data
c:\tymczasowe\szescian\projektgrafika\gl_template.c(691): warning C4244: 'function': conversion from 'double' to 'GLfloat', possible loss of data
c:\tymczasowe\szescian\projektgrafika\gl_template.c(692): warning C4244: 'function': conversion from 'double' to 'GLfloat', possible loss of data
c:\tymczasowe\szescian\projektgrafika\gl_template.c(694): warning C4244: 'function': conversion from 'double' to 'GLfloat', possible loss of data
c:\tymczasowe\szescian\projektgrafika\gl_template.c(695): warning C4244: 'function': conversion from 'double' to 'GLfloat', possible loss of data
c:\tymczasowe\szescian\projektgrafika\gl_template.c(745): warning C4244: 'function': conversion from 'double' to 'GLfloat', possible loss of data
c:\tymczasowe\szescian\projektgrafika\gl_template.c(745): warning C4244: 'function': conversion from 'int' to 'GLfloat', possible loss of data
c:\tymczasowe\szescian\projektgrafika\gl_template.c(747): warning C4244: 'function': conversion from 'double' to 'GLfloat', possible loss of data
c:\tymczasowe\szescian\projektgrafika\gl_template.c(747): warning C4244: 'function': conversion from 'int' to 'GLfloat', possible loss of data
c:\tymczasowe\szescian\projektgrafika\gl_template.c(758): warning C4244: 'function': conversion from 'double' to 'GLfloat', possible loss of data
c:\tymczasowe\szescian\projektgrafika\gl_template.c(760): warning C4244: 'function': conversion from 'double' to 'GLfloat', possible loss of data
c:\tymczasowe\szescian\projektgrafika\gl_template.c(770): warning C4244: 'function': conversion from 'double' to 'GLfloat', possible loss of data
c:\tymczasowe\szescian\projektgrafika\gl_template.c(772): warning C4244: 'function': conversion from 'double' to 'GLfloat', possible loss of data
c:\tymczasowe\szescian\projektgrafika\gl_template.c(772): warning C4244: 'function': conversion from 'int' to 'GLfloat', possible loss of data
c:\tymczasowe\szescian\projektgrafika\gl_template.c(783): warning C4244: 'function': conversion from 'double' to 'GLfloat', possible loss of data
c:\tymczasowe\szescian\projektgrafika\gl_template.c(785): warning C4244: 'function': conversion from 'double' to 'GLfloat', possible loss of data
c:\tymczasowe\szescian\projektgrafika\gl_template.c(796): warning C4244: 'function': conversion from 'double' to 'GLfloat', possible loss of data
c:\tymczasowe\szescian\projektgrafika\gl_template.c(798): warning C4244: 'function': conversion from 'double' to 'GLfloat', possible loss of data
c:\tymczasowe\szescian\projektgrafika\gl_template.c(808): warning C4244: 'function': conversion from 'double' to 'GLfloat', possible loss of data
c:\tymczasowe\szescian\projektgrafika\gl_template.c(810): warning C4244: 'function': conversion from 'double' to 'GLfloat', possible loss of data
c:\tymczasowe\szescian\projektgrafika\gl_template.c(821): warning C4244: 'function': conversion from 'double' to 'GLfloat', possible loss of data
c:\tymczasowe\szescian\projektgrafika\gl_template.c(823): warning C4244: 'function': conversion from 'double' to 'GLfloat', possible loss of data
c:\tymczasowe\szescian\projektgrafika\gl_template.c(836): warning C4244: 'function': conversion from 'double' to 'GLfloat', possible loss of data
c:\tymczasowe\szescian\projektgrafika\gl_template.c(838): warning C4244: 'function': conversion from 'double' to 'GLfloat', possible loss of data
c:\tymczasowe\szescian\projektgrafika\gl_template.c(711): warning C4244: 'initializing': conversion from 'double' to 'GLfloat', possible loss of data
c:\tymczasowe\szescian\projektgrafika\gl_template.c(712): warning C4244: 'initializing': conversion from 'double' to 'GLfloat', possible loss of data
c:\tymczasowe\szescian\projektgrafika\gl_template.c(713): warning C4244: 'initializing': conversion from 'double' to 'GLfloat', possible loss of data
c:\tymczasowe\szescian\projektgrafika\gl_template.c(714): warning C4244: 'initializing': conversion from 'double' to 'GLfloat', possible loss of data
c:\tymczasowe\szescian\projektgrafika\gl_template.c(880): warning C4305: 'initializing': truncation from 'double' to 'GLfloat'
c:\tymczasowe\szescian\projektgrafika\gl_template.c(881): warning C4305: 'initializing': truncation from 'double' to 'GLfloat'
c:\tymczasowe\szescian\projektgrafika\gl_template.c(879): warning C4101: 'z': unreferenced local variable
c:\tymczasowe\szescian\projektgrafika\gl_template.c(879): warning C4101: 'y': unreferenced local variable
c:\tymczasowe\szescian\projektgrafika\gl_template.c(879): warning C4101: 'x': unreferenced local variable
c:\tymczasowe\szescian\projektgrafika\gl_template.c(879): warning C4101: 'angle': unreferenced local variable
c:\tymczasowe\szescian\projektgrafika\gl_template.c(1115): warning C4305: 'function': truncation from 'double' to 'GLfloat'
c:\tymczasowe\szescian\projektgrafika\gl_template.c(1096): warning C4244: 'initializing': conversion from 'double' to 'GLfloat', possible loss of data
c:\tymczasowe\szescian\projektgrafika\gl_template.c(1097): warning C4244: 'initializing': conversion from 'double' to 'GLfloat', possible loss of data
c:\tymczasowe\szescian\projektgrafika\gl_template.c(1098): warning C4244: 'initializing': conversion from 'double' to 'GLfloat', possible loss of data
c:\tymczasowe\szescian\projektgrafika\gl_template.c(1099): warning C4244: 'initializing': conversion from 'double' to 'GLfloat', possible loss of data
c:\tymczasowe\szescian\projektgrafika\gl_template.c(1174): warning C4244: 'function': conversion from 'double' to 'GLfloat', possible loss of data
c:\tymczasowe\szescian\projektgrafika\gl_template.c(1175): warning C4244: 'function': conversion from 'double' to 'GLfloat', possible loss of data
c:\tymczasowe\szescian\projektgrafika\gl_template.c(1177): warning C4244: 'function': conversion from 'double' to 'GLfloat', possible loss of data
c:\tymczasowe\szescian\projektgrafika\gl_template.c(1178): warning C4244: 'function': conversion from 'double' to 'GLfloat', possible loss of data
c:\tymczasowe\szescian\projektgrafika\gl_template.c(1233): warning C4244: 'function': conversion from 'double' to 'GLfloat', possible loss of data
c:\tymczasowe\szescian\projektgrafika\gl_template.c(1234): warning C4244: 'function': conversion from 'double' to 'GLfloat', possible loss of data
c:\tymczasowe\szescian\projektgrafika\gl_template.c(1236): warning C4244: 'function': conversion from 'double' to 'GLfloat', possible loss of data
c:\tymczasowe\szescian\projektgrafika\gl_template.c(1237): warning C4244: 'function': conversion from 'double' to 'GLfloat', possible loss of data
c:\tymczasowe\szescian\projektgrafika\gl_template.c(1268): warning C4305: 'function': truncation from 'double' to 'GLfloat'
c:\tymczasowe\szescian\projektgrafika\gl_template.c(1277): warning C4305: 'function': truncation from 'double' to 'GLfloat'
c:\tymczasowe\szescian\projektgrafika\gl_template.c(1158): warning C4244: 'initializing': conversion from 'double' to 'GLfloat', possible loss of data
c:\tymczasowe\szescian\projektgrafika\gl_template.c(1159): warning C4244: 'initializing': conversion from 'double' to 'GLfloat', possible loss of data
c:\tymczasowe\szescian\projektgrafika\gl_template.c(1160): warning C4244: 'initializing': conversion from 'double' to 'GLfloat', possible loss of data
c:\tymczasowe\szescian\projektgrafika\gl_template.c(1161): warning C4244: 'initializing': conversion from 'double' to 'GLfloat', possible loss of data
c:\tymczasowe\szescian\projektgrafika\gl_template.c(1506): warning C4244: 'return': conversion from 'WPARAM' to 'int', possible loss of data
c:\tymczasowe\szescian\projektgrafika\gl_template.c(1677): warning C4244: '=': conversion from 'int' to 'GLfloat', possible loss of data
c:\tymczasowe\szescian\projektgrafika\gl_template.c(1678): warning C4244: '=': conversion from 'int' to 'GLfloat', possible loss of data
c:\tymczasowe\szescian\projektgrafika\gl_template.c(1700): warning C4028: formal parameter 3 different from declaration
c:\tymczasowe\szescian\projektgrafika\gl_template.c(1700): warning C4028: formal parameter 4 different from declaration
c:\tymczasowe\szescian\projektgrafika\gl_template.c(1700): warning C4133: 'function': incompatible types - from 'BOOL (__cdecl *)(HWND,UINT,UINT,LONG)' to 'DLGPROC'
  szescian.vcxproj -> C:\tymczasowe\szescian\ProjektGrafika\x64\Debug\szescian.exe
  szescian.vcxproj -> C:\tymczasowe\szescian\ProjektGrafika\x64\Debug\szescian.pdb (Full PDB)
